<?xml version="1.0" encoding="UTF-8"?>
<testng-results skipped="0" failed="0" ignored="0" total="1" passed="1">
  <reporter-output>
  </reporter-output>
  <suite name="Default suite" duration-ms="63" started-at="2019-10-02T06:02:21Z" finished-at="2019-10-02T06:02:21Z">
    <groups>
    </groups>
    <test name="Default test" duration-ms="63" started-at="2019-10-02T06:02:21Z" finished-at="2019-10-02T06:02:21Z">
      <class name="DemoClass">
        <test-method status="PASS" signature="demoM1()[pri:0, instance:DemoClass@28feb3fa]" name="demoM1" duration-ms="16" started-at="2019-10-02T06:02:21Z" finished-at="2019-10-02T06:02:21Z">
          <reporter-output>
          </reporter-output>
        </test-method> <!-- demoM1 -->
      </class> <!-- DemoClass -->
    </test> <!-- Default test -->
  </suite> <!-- Default suite -->
</testng-results>
